2022-01-03 01:25:51,281:INFO:PyCaret Supervised Module
2022-01-03 01:25:51,561:INFO:ML Usecase: regression
2022-01-03 01:25:51,561:INFO:version 2.3.5
2022-01-03 01:25:51,561:INFO:Initializing setup()
2022-01-03 01:25:51,561:INFO:setup(target=枠番, ml_usecase=regression, available_plots={'parameter': 'Hyperparameters', 'residuals': 'Residuals', 'error': 'Prediction Error', 'cooks': 'Cooks Distance', 'rfe': 'Feature Selection', 'learning': 'Learning Curve', 'manifold': 'Manifold Learning', 'vc': 'Validation Curve', 'feature': 'Feature Importance', 'feature_all': 'Feature Importance (All)', 'tree': 'Decision Tree', 'residuals_interactive': 'Interactive Residuals'}, train_size=0.7, test_data=None, preprocess=True, imputation_type=simple, iterative_imputation_iters=5, categorical_features=None, categorical_imputation=constant, categorical_iterative_imputer=lightgbm, ordinal_features=None, high_cardinality_features=None, high_cardinality_method=frequency, numeric_features=None, numeric_imputation=mean, numeric_iterative_imputer=lightgbm, date_features=None, ignore_features=None, normalize=False, normalize_method=zscore, transformation=False, transformation_method=yeo-johnson, handle_unknown_categorical=True, unknown_categorical_method=least_frequent, pca=False, pca_method=linear, pca_components=None, ignore_low_variance=False, combine_rare_levels=False, rare_level_threshold=0.1, bin_numeric_features=None, remove_outliers=False, outliers_threshold=0.05, remove_multicollinearity=False, multicollinearity_threshold=0.9, remove_perfect_collinearity=True, create_clusters=False, cluster_iter=20, polynomial_features=False, polynomial_degree=2, trigonometry_features=False, polynomial_threshold=0.1, group_features=None, group_names=None, feature_selection=False, feature_selection_threshold=0.8, feature_selection_method=classic, feature_interaction=False, feature_ratio=False, interaction_threshold=0.01, fix_imbalance=False, fix_imbalance_method=None, transform_target=False, transform_target_method=box-cox, data_split_shuffle=True, data_split_stratify=False, fold_strategy=kfold, fold=10, fold_shuffle=False, fold_groups=None, n_jobs=-1, use_gpu=False, custom_pipeline=None, html=True, session_id=None, log_experiment=False, experiment_name=None, log_plots=False, log_profile=False, log_data=False, silent=False, verbose=True, profile=False, profile_kwargs=None, display=None)
2022-01-03 01:25:51,562:INFO:Checking environment
2022-01-03 01:25:51,562:INFO:python_version: 3.8.8
2022-01-03 01:25:51,562:INFO:python_build: ('default', 'Apr 13 2021 19:58:26')
2022-01-03 01:25:51,562:INFO:machine: x86_64
2022-01-03 01:25:51,611:INFO:platform: Linux-5.11.0-37-generic-x86_64-with-glibc2.10
2022-01-03 01:25:51,676:INFO:Memory: svmem(total=4012224512, available=482295808, percent=88.0, used=2734944256, free=122257408, active=1082990592, inactive=2330173440, buffers=43061248, cached=1111961600, shared=535818240, slab=199020544)
2022-01-03 01:25:51,985:INFO:Physical Core: 4
2022-01-03 01:25:51,985:INFO:Logical Core: 4
2022-01-03 01:25:51,985:INFO:Checking libraries
2022-01-03 01:25:51,985:INFO:pd==1.3.5
2022-01-03 01:25:51,985:INFO:numpy==1.19.5
2022-01-03 01:25:51,985:INFO:sklearn==0.23.2
2022-01-03 01:25:52,654:INFO:lightgbm==3.3.1
2022-01-03 01:25:52,707:WARNING:catboost not found
2022-01-03 01:25:52,707:WARNING:xgboost not found
2022-01-03 01:26:06,170:INFO:mlflow==1.22.0
2022-01-03 01:26:06,171:INFO:Checking Exceptions
2022-01-03 01:28:58,618:INFO:PyCaret Supervised Module
2022-01-03 01:28:58,624:INFO:ML Usecase: regression
2022-01-03 01:28:58,625:INFO:version 2.3.5
2022-01-03 01:28:58,625:INFO:Initializing setup()
2022-01-03 01:28:58,626:INFO:setup(target=枠番, ml_usecase=regression, available_plots={'parameter': 'Hyperparameters', 'residuals': 'Residuals', 'error': 'Prediction Error', 'cooks': 'Cooks Distance', 'rfe': 'Feature Selection', 'learning': 'Learning Curve', 'manifold': 'Manifold Learning', 'vc': 'Validation Curve', 'feature': 'Feature Importance', 'feature_all': 'Feature Importance (All)', 'tree': 'Decision Tree', 'residuals_interactive': 'Interactive Residuals'}, train_size=0.7, test_data=None, preprocess=True, imputation_type=simple, iterative_imputation_iters=5, categorical_features=None, categorical_imputation=constant, categorical_iterative_imputer=lightgbm, ordinal_features=None, high_cardinality_features=None, high_cardinality_method=frequency, numeric_features=None, numeric_imputation=mean, numeric_iterative_imputer=lightgbm, date_features=None, ignore_features=None, normalize=False, normalize_method=zscore, transformation=False, transformation_method=yeo-johnson, handle_unknown_categorical=True, unknown_categorical_method=least_frequent, pca=False, pca_method=linear, pca_components=None, ignore_low_variance=False, combine_rare_levels=False, rare_level_threshold=0.1, bin_numeric_features=None, remove_outliers=False, outliers_threshold=0.05, remove_multicollinearity=False, multicollinearity_threshold=0.9, remove_perfect_collinearity=True, create_clusters=False, cluster_iter=20, polynomial_features=False, polynomial_degree=2, trigonometry_features=False, polynomial_threshold=0.1, group_features=None, group_names=None, feature_selection=False, feature_selection_threshold=0.8, feature_selection_method=classic, feature_interaction=False, feature_ratio=False, interaction_threshold=0.01, fix_imbalance=False, fix_imbalance_method=None, transform_target=False, transform_target_method=box-cox, data_split_shuffle=True, data_split_stratify=False, fold_strategy=kfold, fold=10, fold_shuffle=False, fold_groups=None, n_jobs=-1, use_gpu=False, custom_pipeline=None, html=True, session_id=None, log_experiment=False, experiment_name=None, log_plots=False, log_profile=False, log_data=False, silent=False, verbose=True, profile=False, profile_kwargs=None, display=None)
2022-01-03 01:28:58,626:INFO:Checking environment
2022-01-03 01:28:58,626:INFO:python_version: 3.8.8
2022-01-03 01:28:58,627:INFO:python_build: ('default', 'Apr 13 2021 19:58:26')
2022-01-03 01:28:58,628:INFO:machine: x86_64
2022-01-03 01:28:58,628:INFO:platform: Linux-5.11.0-37-generic-x86_64-with-glibc2.10
2022-01-03 01:28:58,628:INFO:Memory: svmem(total=4012224512, available=614019072, percent=84.7, used=2698149888, free=233578496, active=1129709568, inactive=2213228544, buffers=54771712, cached=1025724416, shared=440811520, slab=198942720)
2022-01-03 01:28:58,629:INFO:Physical Core: 4
2022-01-03 01:28:58,629:INFO:Logical Core: 4
2022-01-03 01:28:58,629:INFO:Checking libraries
2022-01-03 01:28:58,629:INFO:pd==1.3.5
2022-01-03 01:28:58,629:INFO:numpy==1.19.5
2022-01-03 01:28:58,629:INFO:sklearn==0.23.2
2022-01-03 01:28:58,629:INFO:lightgbm==3.3.1
2022-01-03 01:28:58,630:WARNING:catboost not found
2022-01-03 01:28:58,630:WARNING:xgboost not found
2022-01-03 01:28:58,631:INFO:mlflow==1.22.0
2022-01-03 01:28:58,631:INFO:Checking Exceptions
2022-01-03 01:29:14,337:INFO:PyCaret Supervised Module
2022-01-03 01:29:14,346:INFO:ML Usecase: regression
2022-01-03 01:29:14,347:INFO:version 2.3.5
2022-01-03 01:29:14,347:INFO:Initializing setup()
2022-01-03 01:29:14,347:INFO:setup(target=枠番, ml_usecase=regression, available_plots={'parameter': 'Hyperparameters', 'residuals': 'Residuals', 'error': 'Prediction Error', 'cooks': 'Cooks Distance', 'rfe': 'Feature Selection', 'learning': 'Learning Curve', 'manifold': 'Manifold Learning', 'vc': 'Validation Curve', 'feature': 'Feature Importance', 'feature_all': 'Feature Importance (All)', 'tree': 'Decision Tree', 'residuals_interactive': 'Interactive Residuals'}, train_size=0.7, test_data=None, preprocess=True, imputation_type=simple, iterative_imputation_iters=5, categorical_features=None, categorical_imputation=constant, categorical_iterative_imputer=lightgbm, ordinal_features=None, high_cardinality_features=None, high_cardinality_method=frequency, numeric_features=None, numeric_imputation=mean, numeric_iterative_imputer=lightgbm, date_features=None, ignore_features=None, normalize=False, normalize_method=zscore, transformation=False, transformation_method=yeo-johnson, handle_unknown_categorical=True, unknown_categorical_method=least_frequent, pca=False, pca_method=linear, pca_components=None, ignore_low_variance=False, combine_rare_levels=False, rare_level_threshold=0.1, bin_numeric_features=None, remove_outliers=False, outliers_threshold=0.05, remove_multicollinearity=False, multicollinearity_threshold=0.9, remove_perfect_collinearity=True, create_clusters=False, cluster_iter=20, polynomial_features=False, polynomial_degree=2, trigonometry_features=False, polynomial_threshold=0.1, group_features=None, group_names=None, feature_selection=False, feature_selection_threshold=0.8, feature_selection_method=classic, feature_interaction=False, feature_ratio=False, interaction_threshold=0.01, fix_imbalance=False, fix_imbalance_method=None, transform_target=False, transform_target_method=box-cox, data_split_shuffle=True, data_split_stratify=False, fold_strategy=kfold, fold=10, fold_shuffle=False, fold_groups=None, n_jobs=-1, use_gpu=False, custom_pipeline=None, html=True, session_id=None, log_experiment=False, experiment_name=None, log_plots=False, log_profile=False, log_data=False, silent=False, verbose=True, profile=False, profile_kwargs=None, display=None)
2022-01-03 01:29:14,347:INFO:Checking environment
2022-01-03 01:29:14,347:INFO:python_version: 3.8.8
2022-01-03 01:29:14,347:INFO:python_build: ('default', 'Apr 13 2021 19:58:26')
2022-01-03 01:29:14,347:INFO:machine: x86_64
2022-01-03 01:29:14,348:INFO:platform: Linux-5.11.0-37-generic-x86_64-with-glibc2.10
2022-01-03 01:29:14,348:INFO:Memory: svmem(total=4012224512, available=636616704, percent=84.1, used=2732343296, free=189501440, active=1126903808, inactive=2245832704, buffers=55484416, cached=1034895360, shared=448864256, slab=198959104)
2022-01-03 01:29:14,348:INFO:Physical Core: 4
2022-01-03 01:29:14,348:INFO:Logical Core: 4
2022-01-03 01:29:14,349:INFO:Checking libraries
2022-01-03 01:29:14,349:INFO:pd==1.3.5
2022-01-03 01:29:14,349:INFO:numpy==1.19.5
2022-01-03 01:29:14,349:INFO:sklearn==0.23.2
2022-01-03 01:29:14,349:INFO:lightgbm==3.3.1
2022-01-03 01:29:14,350:WARNING:catboost not found
2022-01-03 01:29:14,350:WARNING:xgboost not found
2022-01-03 01:29:14,351:INFO:mlflow==1.22.0
2022-01-03 01:29:14,351:INFO:Checking Exceptions
2022-01-03 01:31:26,195:INFO:PyCaret Supervised Module
2022-01-03 01:31:26,197:INFO:ML Usecase: regression
2022-01-03 01:31:26,198:INFO:version 2.3.5
2022-01-03 01:31:26,198:INFO:Initializing setup()
2022-01-03 01:31:26,198:INFO:setup(target=人気, ml_usecase=regression, available_plots={'parameter': 'Hyperparameters', 'residuals': 'Residuals', 'error': 'Prediction Error', 'cooks': 'Cooks Distance', 'rfe': 'Feature Selection', 'learning': 'Learning Curve', 'manifold': 'Manifold Learning', 'vc': 'Validation Curve', 'feature': 'Feature Importance', 'feature_all': 'Feature Importance (All)', 'tree': 'Decision Tree', 'residuals_interactive': 'Interactive Residuals'}, train_size=0.7, test_data=None, preprocess=True, imputation_type=simple, iterative_imputation_iters=5, categorical_features=None, categorical_imputation=constant, categorical_iterative_imputer=lightgbm, ordinal_features=None, high_cardinality_features=None, high_cardinality_method=frequency, numeric_features=None, numeric_imputation=mean, numeric_iterative_imputer=lightgbm, date_features=None, ignore_features=None, normalize=False, normalize_method=zscore, transformation=False, transformation_method=yeo-johnson, handle_unknown_categorical=True, unknown_categorical_method=least_frequent, pca=False, pca_method=linear, pca_components=None, ignore_low_variance=False, combine_rare_levels=False, rare_level_threshold=0.1, bin_numeric_features=None, remove_outliers=False, outliers_threshold=0.05, remove_multicollinearity=False, multicollinearity_threshold=0.9, remove_perfect_collinearity=True, create_clusters=False, cluster_iter=20, polynomial_features=False, polynomial_degree=2, trigonometry_features=False, polynomial_threshold=0.1, group_features=None, group_names=None, feature_selection=False, feature_selection_threshold=0.8, feature_selection_method=classic, feature_interaction=False, feature_ratio=False, interaction_threshold=0.01, fix_imbalance=False, fix_imbalance_method=None, transform_target=False, transform_target_method=box-cox, data_split_shuffle=True, data_split_stratify=False, fold_strategy=kfold, fold=10, fold_shuffle=False, fold_groups=None, n_jobs=-1, use_gpu=False, custom_pipeline=None, html=True, session_id=None, log_experiment=False, experiment_name=None, log_plots=False, log_profile=False, log_data=False, silent=False, verbose=True, profile=False, profile_kwargs=None, display=None)
2022-01-03 01:31:26,198:INFO:Checking environment
2022-01-03 01:31:26,198:INFO:python_version: 3.8.8
2022-01-03 01:31:26,198:INFO:python_build: ('default', 'Apr 13 2021 19:58:26')
2022-01-03 01:31:26,199:INFO:machine: x86_64
2022-01-03 01:31:26,199:INFO:platform: Linux-5.11.0-37-generic-x86_64-with-glibc2.10
2022-01-03 01:31:26,199:INFO:Memory: svmem(total=4012224512, available=679301120, percent=83.1, used=2698645504, free=224301056, active=1136783360, inactive=2199097344, buffers=56250368, cached=1033027584, shared=439930880, slab=199008256)
2022-01-03 01:31:26,199:INFO:Physical Core: 4
2022-01-03 01:31:26,199:INFO:Logical Core: 4
2022-01-03 01:31:26,199:INFO:Checking libraries
2022-01-03 01:31:26,200:INFO:pd==1.3.5
2022-01-03 01:31:26,200:INFO:numpy==1.19.5
2022-01-03 01:31:26,200:INFO:sklearn==0.23.2
2022-01-03 01:31:26,200:INFO:lightgbm==3.3.1
2022-01-03 01:31:26,200:WARNING:catboost not found
2022-01-03 01:31:26,200:WARNING:xgboost not found
2022-01-03 01:31:26,201:INFO:mlflow==1.22.0
2022-01-03 01:31:26,201:INFO:Checking Exceptions
2022-01-03 01:31:26,201:INFO:Declaring global variables
2022-01-03 01:31:26,368:INFO:USI: 66e8
2022-01-03 01:31:26,368:INFO:pycaret_globals: {'_all_models', 'transform_target_param', 'fold_shuffle_param', 'experiment__', 'prep_pipe', 'create_model_container', 'fold_param', 'fold_generator', 'X_train', 'y', 'pycaret_globals', 'imputation_classifier', 'fold_groups_param_full', 'seed', 'display_container', '_all_metrics', 'imputation_regressor', 'target_param', 'y_test', 'y_train', 'exp_name_log', 'log_plots_param', 'html_param', '_gpu_n_jobs_param', 'fold_groups_param', 'fix_imbalance_param', 'USI', '_internal_pipeline', 'iterative_imputation_iters_param', 'gpu_param', 'X_test', 'stratify_param', 'master_model_container', '_ml_usecase', 'n_jobs_param', 'logging_param', 'fix_imbalance_method_param', 'X', 'data_before_preprocess', 'transform_target_method_param', '_all_models_internal', '_available_plots'}
2022-01-03 01:31:26,368:INFO:Preparing display monitor
2022-01-03 01:31:26,368:INFO:Preparing display monitor
2022-01-03 01:31:27,823:INFO:Importing libraries
2022-01-03 01:31:27,839:INFO:Copying data for preprocessing
2022-01-03 01:31:29,160:INFO:Declaring preprocessing parameters
2022-01-03 01:31:29,845:INFO:Creating preprocessing pipeline
2022-01-03 01:31:31,770:INFO:Preprocessing pipeline created successfully
2022-01-03 01:31:31,771:ERROR:(Process Exit): setup has been interupted with user command 'quit'. setup must rerun.
2022-01-03 01:31:31,771:INFO:Creating global containers
2022-01-03 01:31:31,968:INFO:Internal pipeline: Pipeline(memory=None, steps=[('empty_step', 'passthrough')], verbose=False)
2022-01-03 02:38:49,871:INFO:PyCaret Supervised Module
2022-01-03 02:38:49,891:INFO:ML Usecase: regression
2022-01-03 02:38:49,891:INFO:version 2.3.5
2022-01-03 02:38:49,891:INFO:Initializing setup()
2022-01-03 02:38:49,891:INFO:setup(target=人気, ml_usecase=regression, available_plots={'parameter': 'Hyperparameters', 'residuals': 'Residuals', 'error': 'Prediction Error', 'cooks': 'Cooks Distance', 'rfe': 'Feature Selection', 'learning': 'Learning Curve', 'manifold': 'Manifold Learning', 'vc': 'Validation Curve', 'feature': 'Feature Importance', 'feature_all': 'Feature Importance (All)', 'tree': 'Decision Tree', 'residuals_interactive': 'Interactive Residuals'}, train_size=0.7, test_data=None, preprocess=True, imputation_type=simple, iterative_imputation_iters=5, categorical_features=None, categorical_imputation=constant, categorical_iterative_imputer=lightgbm, ordinal_features=None, high_cardinality_features=None, high_cardinality_method=frequency, numeric_features=None, numeric_imputation=mean, numeric_iterative_imputer=lightgbm, date_features=None, ignore_features=None, normalize=False, normalize_method=zscore, transformation=False, transformation_method=yeo-johnson, handle_unknown_categorical=True, unknown_categorical_method=least_frequent, pca=False, pca_method=linear, pca_components=None, ignore_low_variance=False, combine_rare_levels=False, rare_level_threshold=0.1, bin_numeric_features=None, remove_outliers=False, outliers_threshold=0.05, remove_multicollinearity=False, multicollinearity_threshold=0.9, remove_perfect_collinearity=True, create_clusters=False, cluster_iter=20, polynomial_features=False, polynomial_degree=2, trigonometry_features=False, polynomial_threshold=0.1, group_features=None, group_names=None, feature_selection=False, feature_selection_threshold=0.8, feature_selection_method=classic, feature_interaction=False, feature_ratio=False, interaction_threshold=0.01, fix_imbalance=False, fix_imbalance_method=None, transform_target=False, transform_target_method=box-cox, data_split_shuffle=True, data_split_stratify=False, fold_strategy=kfold, fold=10, fold_shuffle=False, fold_groups=None, n_jobs=-1, use_gpu=False, custom_pipeline=None, html=True, session_id=None, log_experiment=False, experiment_name=None, log_plots=False, log_profile=False, log_data=False, silent=False, verbose=True, profile=False, profile_kwargs=None, display=None)
2022-01-03 02:38:49,891:INFO:Checking environment
2022-01-03 02:38:49,891:INFO:python_version: 3.8.8
2022-01-03 02:38:49,891:INFO:python_build: ('default', 'Apr 13 2021 19:58:26')
2022-01-03 02:38:49,891:INFO:machine: x86_64
2022-01-03 02:38:49,892:INFO:platform: Linux-5.11.0-37-generic-x86_64-with-glibc2.10
2022-01-03 02:38:49,892:INFO:Memory: svmem(total=4012224512, available=567947264, percent=85.8, used=2838056960, free=122949632, active=922308608, inactive=2584997888, buffers=51851264, cached=999366656, shared=349720576, slab=194654208)
2022-01-03 02:38:49,893:INFO:Physical Core: 4
2022-01-03 02:38:49,893:INFO:Logical Core: 4
2022-01-03 02:38:49,893:INFO:Checking libraries
2022-01-03 02:38:49,893:INFO:pd==1.3.5
2022-01-03 02:38:49,893:INFO:numpy==1.19.5
2022-01-03 02:38:49,893:INFO:sklearn==0.23.2
2022-01-03 02:38:49,893:INFO:lightgbm==3.3.1
2022-01-03 02:38:49,893:WARNING:catboost not found
2022-01-03 02:38:49,894:WARNING:xgboost not found
2022-01-03 02:38:53,430:INFO:mlflow==1.22.0
2022-01-03 02:38:53,431:INFO:Checking Exceptions
2022-01-03 02:38:53,431:INFO:Declaring global variables
2022-01-03 02:38:53,446:INFO:USI: 06ad
2022-01-03 02:38:53,447:INFO:pycaret_globals: {'master_model_container', 'seed', '_all_metrics', 'fix_imbalance_param', '_available_plots', '_all_models_internal', 'imputation_classifier', 'fold_shuffle_param', 'n_jobs_param', 'target_param', 'pycaret_globals', '_gpu_n_jobs_param', 'exp_name_log', 'X_test', 'display_container', 'html_param', 'fold_generator', 'fold_param', '_ml_usecase', 'prep_pipe', 'fix_imbalance_method_param', 'experiment__', 'transform_target_param', 'fold_groups_param_full', 'log_plots_param', 'fold_groups_param', 'iterative_imputation_iters_param', 'y_test', 'X', 'create_model_container', 'stratify_param', 'gpu_param', 'y_train', 'y', 'imputation_regressor', 'USI', '_internal_pipeline', 'transform_target_method_param', 'logging_param', 'X_train', '_all_models', 'data_before_preprocess'}
2022-01-03 02:38:53,447:INFO:Preparing display monitor
2022-01-03 02:38:53,447:INFO:Preparing display monitor
2022-01-03 02:38:53,479:INFO:Importing libraries
2022-01-03 02:38:53,479:INFO:Copying data for preprocessing
2022-01-03 02:38:53,533:INFO:Declaring preprocessing parameters
2022-01-03 02:38:53,582:INFO:Creating preprocessing pipeline
2022-01-03 02:38:53,671:INFO:Preprocessing pipeline created successfully
2022-01-03 02:38:53,672:ERROR:(Process Exit): setup has been interupted with user command 'quit'. setup must rerun.
2022-01-03 02:38:53,672:INFO:Creating global containers
2022-01-03 02:38:53,703:INFO:Internal pipeline: Pipeline(memory=None, steps=[('empty_step', 'passthrough')], verbose=False)
2022-01-03 03:30:49,846:WARNING:Couldn't import xgboost.XGBRegressor
2022-01-03 03:30:49,846:WARNING:Couldn't import catboost.CatBoostRegressor
2022-01-03 03:30:50,075:WARNING:Couldn't import xgboost.XGBRegressor
2022-01-03 03:30:50,076:WARNING:Couldn't import catboost.CatBoostRegressor
2022-01-03 03:30:50,077:INFO:Creating grid variables
2022-01-03 03:30:50,134:INFO:create_model_container: 0
2022-01-03 03:30:50,134:INFO:master_model_container: 0
2022-01-03 03:30:50,134:INFO:display_container: 1
2022-01-03 03:30:50,142:INFO:Pipeline(memory=None,
         steps=[('dtypes',
                 DataTypes_Auto_infer(categorical_features=[],
                                      display_types=True, features_todrop=[],
                                      id_columns=[], ml_usecase='regression',
                                      numerical_features=[], target='人気',
                                      time_features=[])),
                ('imputer',
                 Simple_Imputer(categorical_strategy='not_available',
                                fill_value_categorical=None,
                                fill_value_numerical=None,
                                numeric_strategy='mea...
                ('scaling', 'passthrough'), ('P_transform', 'passthrough'),
                ('binn', 'passthrough'), ('rem_outliers', 'passthrough'),
                ('cluster_all', 'passthrough'), ('dummy', Dummify(target='人気')),
                ('fix_perfect', Remove_100(target='人気')),
                ('clean_names', Clean_Colum_Names()),
                ('feature_select', 'passthrough'), ('fix_multi', 'passthrough'),
                ('dfs', 'passthrough'), ('pca', 'passthrough')],
         verbose=False)
2022-01-03 03:30:50,142:INFO:setup() succesfully completed......................................
2022-01-03 03:30:50,528:INFO:Initializing compare_models()
2022-01-03 03:30:50,529:INFO:compare_models(include=None, fold=None, round=4, cross_validation=True, sort=R2, n_select=1, budget_time=None, turbo=True, errors=ignore, fit_kwargs=None, groups=None, probability_threshold=None, verbose=True, display=None, exclude=None)
2022-01-03 03:30:50,529:INFO:Checking exceptions
2022-01-03 03:30:50,530:INFO:Preparing display monitor
2022-01-03 03:30:50,530:INFO:Preparing display monitor
2022-01-03 03:30:50,593:INFO:Initializing Linear Regression
2022-01-03 03:30:50,593:INFO:Total runtime is 3.981590270996094e-06 minutes
2022-01-03 03:30:50,615:INFO:SubProcess create_model() called ==================================
2022-01-03 03:30:50,616:INFO:Initializing create_model()
2022-01-03 03:30:50,616:INFO:create_model(estimator=lr, fold=KFold(n_splits=10, random_state=None, shuffle=False), round=4, cross_validation=True, predict=True, fit_kwargs={}, groups=None, refit=False, verbose=False, system=False, metrics=None, add_to_model_list=True, probability_threshold=None, display=<pycaret.internal.Display.Display object at 0x7f48b974fc70>, kwargs={})
2022-01-03 03:30:50,616:INFO:Checking exceptions
2022-01-03 03:30:50,616:INFO:Importing libraries
2022-01-03 03:30:50,616:INFO:Copying training dataset
2022-01-03 03:30:50,622:INFO:Defining folds
2022-01-03 03:30:50,622:INFO:Declaring metric variables
2022-01-03 03:30:50,634:INFO:Importing untrained model
2022-01-03 03:30:50,644:INFO:Linear Regression Imported succesfully
2022-01-03 03:30:50,666:INFO:Starting cross validation
2022-01-03 03:30:50,733:INFO:Cross validating with KFold(n_splits=10, random_state=None, shuffle=False), n_jobs=-1
2022-01-03 03:31:28,882:INFO:Calculating mean and std
2022-01-03 03:31:28,885:INFO:Creating metrics dataframe
2022-01-03 03:31:28,893:INFO:Uploading results into container
2022-01-03 03:31:28,893:INFO:Uploading model into container now
2022-01-03 03:31:28,893:INFO:create_model_container: 1
2022-01-03 03:31:28,893:INFO:master_model_container: 1
2022-01-03 03:31:28,893:INFO:display_container: 2
2022-01-03 03:31:28,894:INFO:LinearRegression(copy_X=True, fit_intercept=True, n_jobs=-1, normalize=False)
2022-01-03 03:31:28,894:INFO:create_model() succesfully completed......................................
2022-01-03 03:31:29,007:INFO:SubProcess create_model() end ==================================
2022-01-03 03:31:29,007:INFO:Creating metrics dataframe
2022-01-03 03:31:29,025:INFO:Initializing Lasso Regression
2022-01-03 03:31:29,026:INFO:Total runtime is 0.640542999903361 minutes
2022-01-03 03:31:29,036:INFO:SubProcess create_model() called ==================================
2022-01-03 03:31:29,037:INFO:Initializing create_model()
2022-01-03 03:31:29,037:INFO:create_model(estimator=lasso, fold=KFold(n_splits=10, random_state=None, shuffle=False), round=4, cross_validation=True, predict=True, fit_kwargs={}, groups=None, refit=False, verbose=False, system=False, metrics=None, add_to_model_list=True, probability_threshold=None, display=<pycaret.internal.Display.Display object at 0x7f48b974fc70>, kwargs={})
2022-01-03 03:31:29,037:INFO:Checking exceptions
2022-01-03 03:31:29,037:INFO:Importing libraries
2022-01-03 03:31:29,037:INFO:Copying training dataset
2022-01-03 03:31:29,045:INFO:Defining folds
2022-01-03 03:31:29,045:INFO:Declaring metric variables
2022-01-03 03:31:29,055:INFO:Importing untrained model
2022-01-03 03:31:29,068:INFO:Lasso Regression Imported succesfully
2022-01-03 03:31:29,093:INFO:Starting cross validation
2022-01-03 03:31:29,094:INFO:Cross validating with KFold(n_splits=10, random_state=None, shuffle=False), n_jobs=-1
2022-01-03 03:31:29,598:INFO:Calculating mean and std
2022-01-03 03:31:29,599:INFO:Creating metrics dataframe
2022-01-03 03:31:29,604:INFO:Uploading results into container
2022-01-03 03:31:29,604:INFO:Uploading model into container now
2022-01-03 03:31:29,604:INFO:create_model_container: 2
2022-01-03 03:31:29,604:INFO:master_model_container: 2
2022-01-03 03:31:29,604:INFO:display_container: 2
2022-01-03 03:31:29,605:INFO:Lasso(alpha=1.0, copy_X=True, fit_intercept=True, max_iter=1000,
      normalize=False, positive=False, precompute=False, random_state=808,
      selection='cyclic', tol=0.0001, warm_start=False)
2022-01-03 03:31:29,605:INFO:create_model() succesfully completed......................................
2022-01-03 03:31:29,701:INFO:SubProcess create_model() end ==================================
2022-01-03 03:31:29,701:INFO:Creating metrics dataframe
2022-01-03 03:31:29,751:INFO:Initializing Ridge Regression
2022-01-03 03:31:29,751:INFO:Total runtime is 0.6526333928108216 minutes
2022-01-03 03:31:29,761:INFO:SubProcess create_model() called ==================================
2022-01-03 03:31:29,761:INFO:Initializing create_model()
2022-01-03 03:31:29,761:INFO:create_model(estimator=ridge, fold=KFold(n_splits=10, random_state=None, shuffle=False), round=4, cross_validation=True, predict=True, fit_kwargs={}, groups=None, refit=False, verbose=False, system=False, metrics=None, add_to_model_list=True, probability_threshold=None, display=<pycaret.internal.Display.Display object at 0x7f48b974fc70>, kwargs={})
2022-01-03 03:31:29,761:INFO:Checking exceptions
2022-01-03 03:31:29,762:INFO:Importing libraries
2022-01-03 03:31:29,762:INFO:Copying training dataset
2022-01-03 03:31:29,767:INFO:Defining folds
2022-01-03 03:31:29,767:INFO:Declaring metric variables
2022-01-03 03:31:29,776:INFO:Importing untrained model
2022-01-03 03:31:29,786:INFO:Ridge Regression Imported succesfully
2022-01-03 03:31:29,806:INFO:Starting cross validation
2022-01-03 03:31:29,807:INFO:Cross validating with KFold(n_splits=10, random_state=None, shuffle=False), n_jobs=-1
2022-01-03 03:31:31,019:INFO:Calculating mean and std
2022-01-03 03:31:31,020:INFO:Creating metrics dataframe
2022-01-03 03:31:31,025:INFO:Uploading results into container
2022-01-03 03:31:31,026:INFO:Uploading model into container now
2022-01-03 03:31:31,026:INFO:create_model_container: 3
2022-01-03 03:31:31,026:INFO:master_model_container: 3
2022-01-03 03:31:31,026:INFO:display_container: 2
2022-01-03 03:31:31,026:INFO:Ridge(alpha=1.0, copy_X=True, fit_intercept=True, max_iter=None,
      normalize=False, random_state=808, solver='auto', tol=0.001)
2022-01-03 03:31:31,026:INFO:create_model() succesfully completed......................................
2022-01-03 03:31:31,127:INFO:SubProcess create_model() end ==================================
2022-01-03 03:31:31,127:INFO:Creating metrics dataframe
2022-01-03 03:31:31,146:INFO:Initializing Elastic Net
2022-01-03 03:31:31,146:INFO:Total runtime is 0.6758827169736227 minutes
2022-01-03 03:31:31,156:INFO:SubProcess create_model() called ==================================
2022-01-03 03:31:31,156:INFO:Initializing create_model()
2022-01-03 03:31:31,156:INFO:create_model(estimator=en, fold=KFold(n_splits=10, random_state=None, shuffle=False), round=4, cross_validation=True, predict=True, fit_kwargs={}, groups=None, refit=False, verbose=False, system=False, metrics=None, add_to_model_list=True, probability_threshold=None, display=<pycaret.internal.Display.Display object at 0x7f48b974fc70>, kwargs={})
2022-01-03 03:31:31,156:INFO:Checking exceptions
2022-01-03 03:31:31,156:INFO:Importing libraries
2022-01-03 03:31:31,156:INFO:Copying training dataset
2022-01-03 03:31:31,162:INFO:Defining folds
2022-01-03 03:31:31,162:INFO:Declaring metric variables
2022-01-03 03:31:31,172:INFO:Importing untrained model
2022-01-03 03:31:31,185:INFO:Elastic Net Imported succesfully
2022-01-03 03:31:31,206:INFO:Starting cross validation
2022-01-03 03:31:31,206:INFO:Cross validating with KFold(n_splits=10, random_state=None, shuffle=False), n_jobs=-1
2022-01-03 03:31:31,751:INFO:Calculating mean and std
2022-01-03 03:31:31,753:INFO:Creating metrics dataframe
2022-01-03 03:31:31,760:INFO:Uploading results into container
2022-01-03 03:31:31,760:INFO:Uploading model into container now
2022-01-03 03:31:31,761:INFO:create_model_container: 4
2022-01-03 03:31:31,761:INFO:master_model_container: 4
2022-01-03 03:31:31,761:INFO:display_container: 2
2022-01-03 03:31:31,761:INFO:ElasticNet(alpha=1.0, copy_X=True, fit_intercept=True, l1_ratio=0.5,
           max_iter=1000, normalize=False, positive=False, precompute=False,
           random_state=808, selection='cyclic', tol=0.0001, warm_start=False)
2022-01-03 03:31:31,761:INFO:create_model() succesfully completed......................................
2022-01-03 03:31:31,871:INFO:SubProcess create_model() end ==================================
2022-01-03 03:31:31,871:INFO:Creating metrics dataframe
2022-01-03 03:31:31,890:INFO:Initializing Least Angle Regression
2022-01-03 03:31:31,891:INFO:Total runtime is 0.6882940173149109 minutes
2022-01-03 03:31:31,909:INFO:SubProcess create_model() called ==================================
2022-01-03 03:31:31,912:INFO:Initializing create_model()
2022-01-03 03:31:31,914:INFO:create_model(estimator=lar, fold=KFold(n_splits=10, random_state=None, shuffle=False), round=4, cross_validation=True, predict=True, fit_kwargs={}, groups=None, refit=False, verbose=False, system=False, metrics=None, add_to_model_list=True, probability_threshold=None, display=<pycaret.internal.Display.Display object at 0x7f48b974fc70>, kwargs={})
2022-01-03 03:31:31,914:INFO:Checking exceptions
2022-01-03 03:31:31,915:INFO:Importing libraries
2022-01-03 03:31:31,915:INFO:Copying training dataset
2022-01-03 03:31:31,926:INFO:Defining folds
2022-01-03 03:31:31,926:INFO:Declaring metric variables
2022-01-03 03:31:31,942:INFO:Importing untrained model
2022-01-03 03:31:31,952:INFO:Least Angle Regression Imported succesfully
2022-01-03 03:31:31,971:INFO:Starting cross validation
2022-01-03 03:31:31,972:INFO:Cross validating with KFold(n_splits=10, random_state=None, shuffle=False), n_jobs=-1
2022-01-03 03:31:34,958:INFO:Calculating mean and std
2022-01-03 03:31:34,960:INFO:Creating metrics dataframe
2022-01-03 03:31:34,968:INFO:Uploading results into container
2022-01-03 03:31:34,968:INFO:Uploading model into container now
2022-01-03 03:31:34,968:INFO:create_model_container: 5
2022-01-03 03:31:34,968:INFO:master_model_container: 5
2022-01-03 03:31:34,968:INFO:display_container: 2
2022-01-03 03:31:34,969:INFO:Lars(copy_X=True, eps=2.220446049250313e-16, fit_intercept=True, fit_path=True,
     jitter=None, n_nonzero_coefs=500, normalize=True, precompute='auto',
     random_state=808, verbose=False)
2022-01-03 03:31:34,969:INFO:create_model() succesfully completed......................................
2022-01-03 03:31:35,073:INFO:SubProcess create_model() end ==================================
2022-01-03 03:31:35,073:INFO:Creating metrics dataframe
2022-01-03 03:31:35,096:INFO:Initializing Lasso Least Angle Regression
2022-01-03 03:31:35,096:INFO:Total runtime is 0.7417209426561991 minutes
2022-01-03 03:31:35,106:INFO:SubProcess create_model() called ==================================
2022-01-03 03:31:35,107:INFO:Initializing create_model()
2022-01-03 03:31:35,107:INFO:create_model(estimator=llar, fold=KFold(n_splits=10, random_state=None, shuffle=False), round=4, cross_validation=True, predict=True, fit_kwargs={}, groups=None, refit=False, verbose=False, system=False, metrics=None, add_to_model_list=True, probability_threshold=None, display=<pycaret.internal.Display.Display object at 0x7f48b974fc70>, kwargs={})
2022-01-03 03:31:35,107:INFO:Checking exceptions
2022-01-03 03:31:35,107:INFO:Importing libraries
2022-01-03 03:31:35,107:INFO:Copying training dataset
2022-01-03 03:31:35,113:INFO:Defining folds
2022-01-03 03:31:35,113:INFO:Declaring metric variables
2022-01-03 03:31:35,122:INFO:Importing untrained model
2022-01-03 03:31:35,133:INFO:Lasso Least Angle Regression Imported succesfully
2022-01-03 03:31:35,153:INFO:Starting cross validation
2022-01-03 03:31:35,153:INFO:Cross validating with KFold(n_splits=10, random_state=None, shuffle=False), n_jobs=-1
2022-01-03 03:31:35,897:INFO:Calculating mean and std
2022-01-03 03:31:35,899:INFO:Creating metrics dataframe
2022-01-03 03:31:35,906:INFO:Uploading results into container
2022-01-03 03:31:35,907:INFO:Uploading model into container now
2022-01-03 03:31:35,907:INFO:create_model_container: 6
2022-01-03 03:31:35,907:INFO:master_model_container: 6
2022-01-03 03:31:35,907:INFO:display_container: 2
2022-01-03 03:31:35,907:INFO:LassoLars(alpha=1.0, copy_X=True, eps=2.220446049250313e-16, fit_intercept=True,
          fit_path=True, jitter=None, max_iter=500, normalize=True,
          positive=False, precompute='auto', random_state=808, verbose=False)
2022-01-03 03:31:35,907:INFO:create_model() succesfully completed......................................
2022-01-03 03:31:36,010:INFO:SubProcess create_model() end ==================================
2022-01-03 03:31:36,010:INFO:Creating metrics dataframe
2022-01-03 03:31:36,032:INFO:Initializing Orthogonal Matching Pursuit
2022-01-03 03:31:36,032:INFO:Total runtime is 0.7573182384173075 minutes
2022-01-03 03:31:36,044:INFO:SubProcess create_model() called ==================================
2022-01-03 03:31:36,044:INFO:Initializing create_model()
2022-01-03 03:31:36,044:INFO:create_model(estimator=omp, fold=KFold(n_splits=10, random_state=None, shuffle=False), round=4, cross_validation=True, predict=True, fit_kwargs={}, groups=None, refit=False, verbose=False, system=False, metrics=None, add_to_model_list=True, probability_threshold=None, display=<pycaret.internal.Display.Display object at 0x7f48b974fc70>, kwargs={})
2022-01-03 03:31:36,045:INFO:Checking exceptions
2022-01-03 03:31:36,045:INFO:Importing libraries
2022-01-03 03:31:36,045:INFO:Copying training dataset
2022-01-03 03:31:36,051:INFO:Defining folds
2022-01-03 03:31:36,051:INFO:Declaring metric variables
2022-01-03 03:31:36,061:INFO:Importing untrained model
2022-01-03 03:31:36,072:INFO:Orthogonal Matching Pursuit Imported succesfully
2022-01-03 03:31:36,093:INFO:Starting cross validation
2022-01-03 03:31:36,094:INFO:Cross validating with KFold(n_splits=10, random_state=None, shuffle=False), n_jobs=-1
2022-01-03 03:31:37,008:INFO:Calculating mean and std
2022-01-03 03:31:37,010:INFO:Creating metrics dataframe
2022-01-03 03:31:37,019:INFO:Uploading results into container
2022-01-03 03:31:37,019:INFO:Uploading model into container now
2022-01-03 03:31:37,019:INFO:create_model_container: 7
2022-01-03 03:31:37,019:INFO:master_model_container: 7
2022-01-03 03:31:37,019:INFO:display_container: 2
2022-01-03 03:31:37,020:INFO:OrthogonalMatchingPursuit(fit_intercept=True, n_nonzero_coefs=None,
                          normalize=True, precompute='auto', tol=None)
2022-01-03 03:31:37,020:INFO:create_model() succesfully completed......................................
2022-01-03 03:31:37,134:INFO:SubProcess create_model() end ==================================
2022-01-03 03:31:37,134:INFO:Creating metrics dataframe
2022-01-03 03:31:37,155:INFO:Initializing Bayesian Ridge
2022-01-03 03:31:37,155:INFO:Total runtime is 0.7760415156682332 minutes
2022-01-03 03:31:37,167:INFO:SubProcess create_model() called ==================================
2022-01-03 03:31:37,167:INFO:Initializing create_model()
2022-01-03 03:31:37,167:INFO:create_model(estimator=br, fold=KFold(n_splits=10, random_state=None, shuffle=False), round=4, cross_validation=True, predict=True, fit_kwargs={}, groups=None, refit=False, verbose=False, system=False, metrics=None, add_to_model_list=True, probability_threshold=None, display=<pycaret.internal.Display.Display object at 0x7f48b974fc70>, kwargs={})
2022-01-03 03:31:37,167:INFO:Checking exceptions
2022-01-03 03:31:37,167:INFO:Importing libraries
2022-01-03 03:31:37,167:INFO:Copying training dataset
2022-01-03 03:31:37,173:INFO:Defining folds
2022-01-03 03:31:37,173:INFO:Declaring metric variables
2022-01-03 03:31:37,191:INFO:Importing untrained model
2022-01-03 03:31:37,203:INFO:Bayesian Ridge Imported succesfully
2022-01-03 03:31:37,225:INFO:Starting cross validation
2022-01-03 03:31:37,227:INFO:Cross validating with KFold(n_splits=10, random_state=None, shuffle=False), n_jobs=-1
2022-01-03 03:31:53,409:INFO:Calculating mean and std
2022-01-03 03:31:53,430:INFO:Creating metrics dataframe
2022-01-03 03:31:53,460:INFO:Uploading results into container
2022-01-03 03:31:53,460:INFO:Uploading model into container now
2022-01-03 03:31:53,461:INFO:create_model_container: 8
2022-01-03 03:31:53,461:INFO:master_model_container: 8
2022-01-03 03:31:53,461:INFO:display_container: 2
2022-01-03 03:31:53,462:INFO:BayesianRidge(alpha_1=1e-06, alpha_2=1e-06, alpha_init=None,
              compute_score=False, copy_X=True, fit_intercept=True,
              lambda_1=1e-06, lambda_2=1e-06, lambda_init=None, n_iter=300,
              normalize=False, tol=0.001, verbose=False)
2022-01-03 03:31:53,462:INFO:create_model() succesfully completed......................................
2022-01-03 03:31:53,579:INFO:SubProcess create_model() end ==================================
2022-01-03 03:31:53,579:INFO:Creating metrics dataframe
2022-01-03 03:31:53,610:INFO:Initializing Passive Aggressive Regressor
2022-01-03 03:31:53,610:INFO:Total runtime is 1.0502916375795999 minutes
2022-01-03 03:31:53,624:INFO:SubProcess create_model() called ==================================
2022-01-03 03:31:53,624:INFO:Initializing create_model()
2022-01-03 03:31:53,624:INFO:create_model(estimator=par, fold=KFold(n_splits=10, random_state=None, shuffle=False), round=4, cross_validation=True, predict=True, fit_kwargs={}, groups=None, refit=False, verbose=False, system=False, metrics=None, add_to_model_list=True, probability_threshold=None, display=<pycaret.internal.Display.Display object at 0x7f48b974fc70>, kwargs={})
2022-01-03 03:31:53,625:INFO:Checking exceptions
2022-01-03 03:31:53,625:INFO:Importing libraries
2022-01-03 03:31:53,625:INFO:Copying training dataset
2022-01-03 03:31:53,631:INFO:Defining folds
2022-01-03 03:31:53,631:INFO:Declaring metric variables
2022-01-03 03:31:53,645:INFO:Importing untrained model
2022-01-03 03:31:53,659:INFO:Passive Aggressive Regressor Imported succesfully
2022-01-03 03:31:53,689:INFO:Starting cross validation
2022-01-03 03:31:53,708:INFO:Cross validating with KFold(n_splits=10, random_state=None, shuffle=False), n_jobs=-1
2022-01-03 03:31:55,219:INFO:Calculating mean and std
2022-01-03 03:31:55,221:INFO:Creating metrics dataframe
2022-01-03 03:31:55,228:INFO:Uploading results into container
2022-01-03 03:31:55,229:INFO:Uploading model into container now
2022-01-03 03:31:55,229:INFO:create_model_container: 9
2022-01-03 03:31:55,229:INFO:master_model_container: 9
2022-01-03 03:31:55,229:INFO:display_container: 2
2022-01-03 03:31:55,230:INFO:PassiveAggressiveRegressor(C=1.0, average=False, early_stopping=False,
                           epsilon=0.1, fit_intercept=True,
                           loss='epsilon_insensitive', max_iter=1000,
                           n_iter_no_change=5, random_state=808, shuffle=True,
                           tol=0.001, validation_fraction=0.1, verbose=0,
                           warm_start=False)
2022-01-03 03:31:55,230:INFO:create_model() succesfully completed......................................
2022-01-03 03:31:55,390:INFO:SubProcess create_model() end ==================================
2022-01-03 03:31:55,391:INFO:Creating metrics dataframe
2022-01-03 03:31:55,450:INFO:Initializing Huber Regressor
2022-01-03 03:31:55,451:INFO:Total runtime is 1.0809648871421813 minutes
2022-01-03 03:31:55,467:INFO:SubProcess create_model() called ==================================
2022-01-03 03:31:55,468:INFO:Initializing create_model()
2022-01-03 03:31:55,468:INFO:create_model(estimator=huber, fold=KFold(n_splits=10, random_state=None, shuffle=False), round=4, cross_validation=True, predict=True, fit_kwargs={}, groups=None, refit=False, verbose=False, system=False, metrics=None, add_to_model_list=True, probability_threshold=None, display=<pycaret.internal.Display.Display object at 0x7f48b974fc70>, kwargs={})
2022-01-03 03:31:55,468:INFO:Checking exceptions
2022-01-03 03:31:55,468:INFO:Importing libraries
2022-01-03 03:31:55,468:INFO:Copying training dataset
2022-01-03 03:31:55,474:INFO:Defining folds
2022-01-03 03:31:55,474:INFO:Declaring metric variables
2022-01-03 03:31:55,490:INFO:Importing untrained model
2022-01-03 03:31:55,507:INFO:Huber Regressor Imported succesfully
2022-01-03 03:31:55,545:INFO:Starting cross validation
2022-01-03 03:31:55,546:INFO:Cross validating with KFold(n_splits=10, random_state=None, shuffle=False), n_jobs=-1
2022-01-03 03:32:53,446:INFO:Calculating mean and std
2022-01-03 03:32:53,472:INFO:Creating metrics dataframe
2022-01-03 03:32:53,480:INFO:Uploading results into container
2022-01-03 03:32:53,481:INFO:Uploading model into container now
2022-01-03 03:32:53,481:INFO:create_model_container: 10
2022-01-03 03:32:53,481:INFO:master_model_container: 10
2022-01-03 03:32:53,481:INFO:display_container: 2
2022-01-03 03:32:53,482:INFO:HuberRegressor(alpha=0.0001, epsilon=1.35, fit_intercept=True, max_iter=100,
               tol=1e-05, warm_start=False)
2022-01-03 03:32:53,482:INFO:create_model() succesfully completed......................................
2022-01-03 03:32:53,816:INFO:SubProcess create_model() end ==================================
2022-01-03 03:32:53,818:INFO:Creating metrics dataframe
2022-01-03 03:32:53,875:INFO:Initializing K Neighbors Regressor
2022-01-03 03:32:53,876:INFO:Total runtime is 2.054710034529368 minutes
2022-01-03 03:32:53,922:INFO:SubProcess create_model() called ==================================
2022-01-03 03:32:53,925:INFO:Initializing create_model()
2022-01-03 03:32:53,953:INFO:create_model(estimator=knn, fold=KFold(n_splits=10, random_state=None, shuffle=False), round=4, cross_validation=True, predict=True, fit_kwargs={}, groups=None, refit=False, verbose=False, system=False, metrics=None, add_to_model_list=True, probability_threshold=None, display=<pycaret.internal.Display.Display object at 0x7f48b974fc70>, kwargs={})
2022-01-03 03:32:53,956:INFO:Checking exceptions
2022-01-03 03:32:53,959:INFO:Importing libraries
2022-01-03 03:32:53,960:INFO:Copying training dataset
2022-01-03 03:32:53,969:INFO:Defining folds
2022-01-03 03:32:53,972:INFO:Declaring metric variables
2022-01-03 03:32:54,015:INFO:Importing untrained model
2022-01-03 03:32:54,058:INFO:K Neighbors Regressor Imported succesfully
2022-01-03 03:32:54,114:INFO:Starting cross validation
2022-01-03 03:32:54,118:INFO:Cross validating with KFold(n_splits=10, random_state=None, shuffle=False), n_jobs=-1
2022-01-03 03:33:40,626:INFO:Calculating mean and std
2022-01-03 03:33:40,628:INFO:Creating metrics dataframe
2022-01-03 03:33:40,660:INFO:Uploading results into container
2022-01-03 03:33:40,662:INFO:Uploading model into container now
2022-01-03 03:33:40,662:INFO:create_model_container: 11
2022-01-03 03:33:40,662:INFO:master_model_container: 11
2022-01-03 03:33:40,662:INFO:display_container: 2
2022-01-03 03:33:40,663:INFO:KNeighborsRegressor(algorithm='auto', leaf_size=30, metric='minkowski',
                    metric_params=None, n_jobs=-1, n_neighbors=5, p=2,
                    weights='uniform')
2022-01-03 03:33:40,663:INFO:create_model() succesfully completed......................................
2022-01-03 03:33:41,010:INFO:SubProcess create_model() end ==================================
2022-01-03 03:33:41,010:INFO:Creating metrics dataframe
2022-01-03 03:33:41,089:INFO:Initializing Decision Tree Regressor
2022-01-03 03:33:41,090:INFO:Total runtime is 2.841611588001251 minutes
2022-01-03 03:33:41,109:INFO:SubProcess create_model() called ==================================
2022-01-03 03:33:41,110:INFO:Initializing create_model()
2022-01-03 03:33:41,135:INFO:create_model(estimator=dt, fold=KFold(n_splits=10, random_state=None, shuffle=False), round=4, cross_validation=True, predict=True, fit_kwargs={}, groups=None, refit=False, verbose=False, system=False, metrics=None, add_to_model_list=True, probability_threshold=None, display=<pycaret.internal.Display.Display object at 0x7f48b974fc70>, kwargs={})
2022-01-03 03:33:41,135:INFO:Checking exceptions
2022-01-03 03:33:41,135:INFO:Importing libraries
2022-01-03 03:33:41,135:INFO:Copying training dataset
2022-01-03 03:33:41,144:INFO:Defining folds
2022-01-03 03:33:41,144:INFO:Declaring metric variables
2022-01-03 03:33:41,158:INFO:Importing untrained model
2022-01-03 03:33:41,196:INFO:Decision Tree Regressor Imported succesfully
2022-01-03 03:33:41,281:INFO:Starting cross validation
2022-01-03 03:33:41,285:INFO:Cross validating with KFold(n_splits=10, random_state=None, shuffle=False), n_jobs=-1
2022-01-03 03:33:49,268:INFO:Calculating mean and std
2022-01-03 03:33:49,269:INFO:Creating metrics dataframe
2022-01-03 03:33:49,301:INFO:Uploading results into container
2022-01-03 03:33:49,302:INFO:Uploading model into container now
2022-01-03 03:33:49,302:INFO:create_model_container: 12
2022-01-03 03:33:49,303:INFO:master_model_container: 12
2022-01-03 03:33:49,303:INFO:display_container: 2
2022-01-03 03:33:49,304:INFO:DecisionTreeRegressor(ccp_alpha=0.0, criterion='mse', max_depth=None,
                      max_features=None, max_leaf_nodes=None,
                      min_impurity_decrease=0.0, min_impurity_split=None,
                      min_samples_leaf=1, min_samples_split=2,
                      min_weight_fraction_leaf=0.0, presort='deprecated',
                      random_state=808, splitter='best')
2022-01-03 03:33:49,311:INFO:create_model() succesfully completed......................................
2022-01-03 03:33:49,689:INFO:SubProcess create_model() end ==================================
2022-01-03 03:33:49,693:INFO:Creating metrics dataframe
2022-01-03 03:33:49,779:INFO:Initializing Random Forest Regressor
2022-01-03 03:33:49,780:INFO:Total runtime is 2.9864447514216104 minutes
2022-01-03 03:33:49,797:INFO:SubProcess create_model() called ==================================
2022-01-03 03:33:49,826:INFO:Initializing create_model()
2022-01-03 03:33:49,826:INFO:create_model(estimator=rf, fold=KFold(n_splits=10, random_state=None, shuffle=False), round=4, cross_validation=True, predict=True, fit_kwargs={}, groups=None, refit=False, verbose=False, system=False, metrics=None, add_to_model_list=True, probability_threshold=None, display=<pycaret.internal.Display.Display object at 0x7f48b974fc70>, kwargs={})
2022-01-03 03:33:49,826:INFO:Checking exceptions
2022-01-03 03:33:49,827:INFO:Importing libraries
2022-01-03 03:33:49,832:INFO:Copying training dataset
2022-01-03 03:33:49,844:INFO:Defining folds
2022-01-03 03:33:49,845:INFO:Declaring metric variables
2022-01-03 03:33:49,887:INFO:Importing untrained model
2022-01-03 03:33:49,932:INFO:Random Forest Regressor Imported succesfully
2022-01-03 03:33:50,024:INFO:Starting cross validation
2022-01-03 03:33:50,028:INFO:Cross validating with KFold(n_splits=10, random_state=None, shuffle=False), n_jobs=-1
2022-01-03 03:34:48,295:WARNING:create_model() for rf raised an exception or returned all 0.0, trying without fit_kwargs:
2022-01-03 03:34:48,649:WARNING:Traceback (most recent call last):
  File "/home/hh/.local/lib/python3.8/site-packages/pycaret/internal/tabular.py", line 2202, in compare_models
    model, model_fit_time = create_model_supervised(**create_model_args)
  File "/home/hh/.local/lib/python3.8/site-packages/pycaret/internal/tabular.py", line 3167, in create_model_supervised
    scores = cross_validate(
  File "/home/hh/.local/lib/python3.8/site-packages/sklearn/utils/validation.py", line 72, in inner_f
    return f(**kwargs)
  File "/home/hh/.local/lib/python3.8/site-packages/sklearn/model_selection/_validation.py", line 242, in cross_validate
    scores = parallel(
  File "/home/hh/.local/lib/python3.8/site-packages/joblib/parallel.py", line 1054, in __call__
    self.retrieve()
  File "/home/hh/.local/lib/python3.8/site-packages/joblib/parallel.py", line 933, in retrieve
    self._output.extend(job.get(timeout=self.timeout))
  File "/home/hh/.local/lib/python3.8/site-packages/joblib/_parallel_backends.py", line 542, in wrap_future_result
    return future.result(timeout=timeout)
  File "/home/hh/anaconda3/lib/python3.8/concurrent/futures/_base.py", line 434, in result
    self._condition.wait(timeout)
  File "/home/hh/anaconda3/lib/python3.8/threading.py", line 302, in wait
    waiter.acquire()
KeyboardInterrupt

2022-01-03 03:34:48,650:INFO:Initializing create_model()
2022-01-03 03:34:48,650:INFO:create_model(estimator=rf, fold=KFold(n_splits=10, random_state=None, shuffle=False), round=4, cross_validation=True, predict=True, fit_kwargs={}, groups=None, refit=False, verbose=False, system=False, metrics=None, add_to_model_list=True, probability_threshold=None, display=<pycaret.internal.Display.Display object at 0x7f48b974fc70>, kwargs={})
2022-01-03 03:34:48,650:INFO:Checking exceptions
2022-01-03 03:34:48,650:INFO:Importing libraries
2022-01-03 03:34:48,650:INFO:Copying training dataset
2022-01-03 03:34:48,681:INFO:Defining folds
2022-01-03 03:34:48,682:INFO:Declaring metric variables
2022-01-03 03:34:48,724:INFO:Importing untrained model
2022-01-03 03:34:48,774:INFO:Random Forest Regressor Imported succesfully
2022-01-03 03:34:48,836:INFO:Starting cross validation
2022-01-03 03:34:48,838:INFO:Cross validating with KFold(n_splits=10, random_state=None, shuffle=False), n_jobs=-1
2022-01-03 03:35:32,792:ERROR:create_model() for rf raised an exception or returned all 0.0:
2022-01-03 03:35:32,792:ERROR:Traceback (most recent call last):
  File "/home/hh/.local/lib/python3.8/site-packages/pycaret/internal/tabular.py", line 2202, in compare_models
    model, model_fit_time = create_model_supervised(**create_model_args)
  File "/home/hh/.local/lib/python3.8/site-packages/pycaret/internal/tabular.py", line 3167, in create_model_supervised
    scores = cross_validate(
  File "/home/hh/.local/lib/python3.8/site-packages/sklearn/utils/validation.py", line 72, in inner_f
    return f(**kwargs)
  File "/home/hh/.local/lib/python3.8/site-packages/sklearn/model_selection/_validation.py", line 242, in cross_validate
    scores = parallel(
  File "/home/hh/.local/lib/python3.8/site-packages/joblib/parallel.py", line 1054, in __call__
    self.retrieve()
  File "/home/hh/.local/lib/python3.8/site-packages/joblib/parallel.py", line 933, in retrieve
    self._output.extend(job.get(timeout=self.timeout))
  File "/home/hh/.local/lib/python3.8/site-packages/joblib/_parallel_backends.py", line 542, in wrap_future_result
    return future.result(timeout=timeout)
  File "/home/hh/anaconda3/lib/python3.8/concurrent/futures/_base.py", line 434, in result
    self._condition.wait(timeout)
  File "/home/hh/anaconda3/lib/python3.8/threading.py", line 302, in wait
    waiter.acquire()
KeyboardInterrupt

During handling of the above exception, another exception occurred:

Traceback (most recent call last):
  File "/home/hh/.local/lib/python3.8/site-packages/pycaret/internal/tabular.py", line 2211, in compare_models
    model, model_fit_time = create_model_supervised(**create_model_args)
  File "/home/hh/.local/lib/python3.8/site-packages/pycaret/internal/tabular.py", line 3167, in create_model_supervised
    scores = cross_validate(
  File "/home/hh/.local/lib/python3.8/site-packages/sklearn/utils/validation.py", line 72, in inner_f
    return f(**kwargs)
  File "/home/hh/.local/lib/python3.8/site-packages/sklearn/model_selection/_validation.py", line 242, in cross_validate
    scores = parallel(
  File "/home/hh/.local/lib/python3.8/site-packages/joblib/parallel.py", line 1054, in __call__
    self.retrieve()
  File "/home/hh/.local/lib/python3.8/site-packages/joblib/parallel.py", line 933, in retrieve
    self._output.extend(job.get(timeout=self.timeout))
  File "/home/hh/.local/lib/python3.8/site-packages/joblib/_parallel_backends.py", line 542, in wrap_future_result
    return future.result(timeout=timeout)
  File "/home/hh/anaconda3/lib/python3.8/concurrent/futures/_base.py", line 434, in result
    self._condition.wait(timeout)
  File "/home/hh/anaconda3/lib/python3.8/threading.py", line 302, in wait
    waiter.acquire()
KeyboardInterrupt

2022-01-03 03:35:32,793:INFO:Initializing Extra Trees Regressor
2022-01-03 03:35:32,793:INFO:Total runtime is 4.703337478637695 minutes
2022-01-03 03:35:32,841:INFO:SubProcess create_model() called ==================================
2022-01-03 03:35:32,841:INFO:Initializing create_model()
2022-01-03 03:35:32,842:INFO:create_model(estimator=et, fold=KFold(n_splits=10, random_state=None, shuffle=False), round=4, cross_validation=True, predict=True, fit_kwargs={}, groups=None, refit=False, verbose=False, system=False, metrics=None, add_to_model_list=True, probability_threshold=None, display=<pycaret.internal.Display.Display object at 0x7f48b974fc70>, kwargs={})
2022-01-03 03:35:32,842:INFO:Checking exceptions
2022-01-03 03:35:32,842:INFO:Importing libraries
2022-01-03 03:35:32,842:INFO:Copying training dataset
2022-01-03 03:35:32,881:INFO:Defining folds
2022-01-03 03:35:32,882:INFO:Declaring metric variables
2022-01-03 03:35:32,928:INFO:Importing untrained model
2022-01-03 03:35:32,948:INFO:Extra Trees Regressor Imported succesfully
2022-01-03 03:35:33,075:INFO:Starting cross validation
2022-01-03 03:35:33,077:INFO:Cross validating with KFold(n_splits=10, random_state=None, shuffle=False), n_jobs=-1
